\BOOKMARK [0][-]{chapter.1}{Cap\355tulo 1: Algoritmos de Miner\355a de Datos}{}% 1
\BOOKMARK [1][-]{section.1.1}{Na\357ve-Bayes}{chapter.1}% 2
\BOOKMARK [1][-]{section.1.2}{Redes Neuronales }{chapter.1}% 3
\BOOKMARK [1][-]{section.1.3}{\301rboles de decisi\363n}{chapter.1}% 4
\BOOKMARK [1][-]{section.1.4}{M\341quinas de soporte de vectores}{chapter.1}% 5
\BOOKMARK [1][-]{section.1.5}{K-Vecinos Cercanos}{chapter.1}% 6
\BOOKMARK [1][-]{section.1.6}{Section heading}{chapter.1}% 7
\BOOKMARK [2][-]{subsection.1.6.1}{Lorem ipsum dolor sit amet, consectetur adipiscing elit.}{section.1.6}% 8
\BOOKMARK [2][-]{subsection.1.6.2}{Lorem ipsum dolor sit amet, consectetur adipiscing.}{section.1.6}% 9
\BOOKMARK [2][-]{subsection.1.6.3}{Lorem ipsum dolor sit amet}{section.1.6}% 10
\BOOKMARK [2][-]{subsection.1.6.4}{Lorem ipsum dolor sit amet, auctor et pulvinar non}{section.1.6}% 11
\BOOKMARK [1][-]{section.1.7}{Another section heading}{chapter.1}% 12
\BOOKMARK [2][-]{subsection.1.7.1}{Lorem ipsum dolor sit amet, consectetur adipiscing elit.}{section.1.7}% 13
\BOOKMARK [2][-]{subsection.1.7.2}{Lorem ipsum dolor sit amet, consectetur adipiscing}{section.1.7}% 14
\BOOKMARK [0][-]{chapter.2}{Cap\355tulo 2: Weka}{}% 15
\BOOKMARK [1][-]{section.2.1}{Section heading}{chapter.2}% 16
\BOOKMARK [2][-]{subsection.2.1.1}{Lorem ipsum dolor sit amet, consectetur adipiscing elit.}{section.2.1}% 17
\BOOKMARK [2][-]{subsection.2.1.2}{Lorem ipsum dolor sit amet, consectetur adipiscing.}{section.2.1}% 18
\BOOKMARK [2][-]{subsection.2.1.3}{Lorem ipsum dolor sit amet}{section.2.1}% 19
\BOOKMARK [2][-]{subsection.2.1.4}{Lorem ipsum dolor sit amet, auctor et pulvinar non}{section.2.1}% 20
\BOOKMARK [1][-]{section.2.2}{Another section heading}{chapter.2}% 21
\BOOKMARK [2][-]{subsection.2.2.1}{Lorem ipsum dolor sit amet, consectetur adipiscing elit.}{section.2.2}% 22
\BOOKMARK [2][-]{subsection.2.2.2}{Lorem ipsum dolor sit amet, consectetur adipiscing}{section.2.2}% 23
\BOOKMARK [0][-]{chapter.3}{Cap\355tulo 3: Resultados experimentales}{}% 24
\BOOKMARK [1][-]{section.3.1}{Section heading}{chapter.3}% 25
\BOOKMARK [2][-]{subsection.3.1.1}{Lorem ipsum dolor sit amet, consectetur adipiscing elit.}{section.3.1}% 26
\BOOKMARK [2][-]{subsection.3.1.2}{Lorem ipsum dolor sit amet, consectetur adipiscing.}{section.3.1}% 27
\BOOKMARK [2][-]{subsection.3.1.3}{Lorem ipsum dolor sit amet}{section.3.1}% 28
\BOOKMARK [2][-]{subsection.3.1.4}{Lorem ipsum dolor sit amet, auctor et pulvinar non}{section.3.1}% 29
\BOOKMARK [1][-]{section.3.2}{Another section heading}{chapter.3}% 30
\BOOKMARK [2][-]{subsection.3.2.1}{Lorem ipsum dolor sit amet, consectetur adipiscing elit.}{section.3.2}% 31
\BOOKMARK [2][-]{subsection.3.2.2}{Lorem ipsum dolor sit amet, consectetur adipiscing}{section.3.2}% 32
